# JRE version: OpenJDK Runtime Environment (11.0.12+7) (build 11.0.12+7-b1504.28-7817840)
# Java VM: OpenJDK 64-Bit Server VM (11.0.12+7-b1504.28-7817840, mixed mode, tiered, compressed oops, g1 gc, windows-amd64)
Heap:
 garbage-first heap   total 131072K, used 100550K [0x00000000a0000000, 0x0000000100000000)
  region size 1024K, 16 young (16384K), 3 survivors (3072K)
 Metaspace       used 79659K, capacity 82038K, committed 82268K, reserved 1120256K
  class space    used 10336K, capacity 11200K, committed 11264K, reserved 1048576K
GC Heap History (20 events):
Event: 486.505 GC heap before
{Heap before GC invocations=21 (full 0):
 garbage-first heap   total 131072K, used 65135K [0x00000000a0000000, 0x0000000100000000)
  region size 1024K, 8 young (8192K), 6 survivors (6144K)
 Metaspace       used 68657K, capacity 70298K, committed 70364K, reserved 1110016K
  class space    used 8653K, capacity 9280K, committed 9344K, reserved 1048576K
}
Event: 486.542 GC heap after
{Heap after GC invocations=22 (full 0):
 garbage-first heap   total 131072K, used 65137K [0x00000000a0000000, 0x0000000100000000)
  region size 1024K, 1 young (1024K), 1 survivors (1024K)
 Metaspace       used 68657K, capacity 70298K, committed 70364K, reserved 1110016K
  class space    used 8653K, capacity 9280K, committed 9344K, reserved 1048576K
}
Event: 490.587 GC heap before
{Heap before GC invocations=23 (full 0):
 garbage-first heap   total 131072K, used 103025K [0x00000000a0000000, 0x0000000100000000)
  region size 1024K, 36 young (36864K), 1 survivors (1024K)
 Metaspace       used 69213K, capacity 70952K, committed 71004K, reserved 1112064K
  class space    used 8743K, capacity 9431K, committed 9472K, reserved 1048576K
}
Event: 490.597 GC heap after
{Heap after GC invocations=24 (full 0):
 garbage-first heap   total 131072K, used 70578K [0x00000000a0000000, 0x0000000100000000)
  region size 1024K, 5 young (5120K), 5 survivors (5120K)
 Metaspace       used 69213K, capacity 70952K, committed 71004K, reserved 1112064K
  class space    used 8743K, capacity 9431K, committed 9472K, reserved 1048576K
}
Event: 491.452 GC heap before
{Heap before GC invocations=24 (full 0):
 garbage-first heap   total 131072K, used 103346K [0x00000000a0000000, 0x0000000100000000)
  region size 1024K, 37 young (37888K), 5 survivors (5120K)
 Metaspace       used 69490K, capacity 71395K, committed 71516K, reserved 1112064K
  class space    used 8783K, capacity 9452K, committed 9472K, reserved 1048576K
}
Event: 491.471 GC heap after
{Heap after GC invocations=25 (full 0):
 garbage-first heap   total 131072K, used 72683K [0x00000000a0000000, 0x0000000100000000)
  region size 1024K, 3 young (3072K), 3 survivors (3072K)
 Metaspace       used 69490K, capacity 71395K, committed 71516K, reserved 1112064K
  class space    used 8783K, capacity 9452K, committed 9472K, reserved 1048576K
}
Event: 496.058 GC heap before
{Heap before GC invocations=26 (full 0):
 garbage-first heap   total 131072K, used 105451K [0x00000000a0000000, 0x0000000100000000)
  region size 1024K, 35 young (35840K), 3 survivors (3072K)
 Metaspace       used 71074K, capacity 73103K, committed 73308K, reserved 1114112K
  class space    used 8967K, capacity 9640K, committed 9728K, reserved 1048576K
}
Event: 496.073 GC heap after
{Heap after GC invocations=27 (full 0):
 garbage-first heap   total 131072K, used 74915K [0x00000000a0000000, 0x0000000100000000)
  region size 1024K, 5 young (5120K), 5 survivors (5120K)
 Metaspace       used 71074K, capacity 73103K, committed 73308K, reserved 1114112K
  class space    used 8967K, capacity 9640K, committed 9728K, reserved 1048576K
}
Event: 504.413 GC heap before
{Heap before GC invocations=27 (full 0):
 garbage-first heap   total 131072K, used 106659K [0x00000000a0000000, 0x0000000100000000)
  region size 1024K, 36 young (36864K), 5 survivors (5120K)
 Metaspace       used 74359K, capacity 76304K, committed 76380K, reserved 1116160K
  class space    used 9567K, capacity 10234K, committed 10240K, reserved 1048576K
}
Event: 504.442 GC heap after
{Heap after GC invocations=28 (full 0):
 garbage-first heap   total 131072K, used 76909K [0x00000000a0000000, 0x0000000100000000)
  region size 1024K, 5 young (5120K), 5 survivors (5120K)
 Metaspace       used 74359K, capacity 76304K, committed 76380K, reserved 1116160K
  class space    used 9567K, capacity 10234K, committed 10240K, reserved 1048576K
}
Event: 508.991 GC heap before
{Heap before GC invocations=29 (full 0):
 garbage-first heap   total 131072K, used 107629K [0x00000000a0000000, 0x0000000100000000)
  region size 1024K, 35 young (35840K), 5 survivors (5120K)
 Metaspace       used 76284K, capacity 78321K, committed 78556K, reserved 1118208K
  class space    used 9826K, capacity 10518K, committed 10624K, reserved 1048576K
}
Event: 509.009 GC heap after
{Heap after GC invocations=30 (full 0):
 garbage-first heap   total 131072K, used 78771K [0x00000000a0000000, 0x0000000100000000)
  region size 1024K, 4 young (4096K), 4 survivors (4096K)
 Metaspace       used 76284K, capacity 78321K, committed 78556K, reserved 1118208K
  class space    used 9826K, capacity 10518K, committed 10624K, reserved 1048576K
}
Event: 511.414 GC heap before
{Heap before GC invocations=30 (full 0):
 garbage-first heap   total 131072K, used 108467K [0x00000000a0000000, 0x0000000100000000)
  region size 1024K, 33 young (33792K), 4 survivors (4096K)
 Metaspace       used 77296K, capacity 79400K, committed 79452K, reserved 1118208K
  class space    used 10011K, capacity 10749K, committed 10752K, reserved 1048576K
}
Event: 511.441 GC heap after
{Heap after GC invocations=31 (full 0):
 garbage-first heap   total 131072K, used 81920K [0x00000000a0000000, 0x0000000100000000)
  region size 1024K, 5 young (5120K), 5 survivors (5120K)
 Metaspace       used 77296K, capacity 79400K, committed 79452K, reserved 1118208K
  class space    used 10011K, capacity 10749K, committed 10752K, reserved 1048576K
}
Event: 516.891 GC heap before
{Heap before GC invocations=32 (full 0):
 garbage-first heap   total 131072K, used 110592K [0x00000000a0000000, 0x0000000100000000)
  region size 1024K, 33 young (33792K), 5 survivors (5120K)
 Metaspace       used 78795K, capacity 81012K, committed 81116K, reserved 1120256K
  class space    used 10235K, capacity 11085K, committed 11136K, reserved 1048576K
}
Event: 516.927 GC heap after
{Heap after GC invocations=33 (full 0):
 garbage-first heap   total 131072K, used 84557K [0x00000000a0000000, 0x0000000100000000)
  region size 1024K, 3 young (3072K), 3 survivors (3072K)
 Metaspace       used 78795K, capacity 81012K, committed 81116K, reserved 1120256K
  class space    used 10235K, capacity 11085K, committed 11136K, reserved 1048576K
}
Event: 541.580 GC heap before
{Heap before GC invocations=33 (full 0):
 garbage-first heap   total 131072K, used 100941K [0x00000000a0000000, 0x0000000100000000)
  region size 1024K, 20 young (20480K), 3 survivors (3072K)
 Metaspace       used 79326K, capacity 81727K, committed 82012K, reserved 1120256K
  class space    used 10287K, capacity 11142K, committed 11264K, reserved 1048576K
}
Event: 541.598 GC heap after
{Heap after GC invocations=34 (full 0):
 garbage-first heap   total 131072K, used 86330K [0x00000000a0000000, 0x0000000100000000)
  region size 1024K, 2 young (2048K), 2 survivors (2048K)
 Metaspace       used 79326K, capacity 81727K, committed 82012K, reserved 1120256K
  class space    used 10287K, capacity 11142K, committed 11264K, reserved 1048576K
}
Event: 543.707 GC heap before
{Heap before GC invocations=35 (full 0):
 garbage-first heap   total 131072K, used 88378K [0x00000000a0000000, 0x0000000100000000)
  region size 1024K, 4 young (4096K), 2 survivors (2048K)
 Metaspace       used 79326K, capacity 81727K, committed 82012K, reserved 1120256K
  class space    used 10287K, capacity 11142K, committed 11264K, reserved 1048576K
}
Event: 543.721 GC heap after
{Heap after GC invocations=36 (full 0):
 garbage-first heap   total 131072K, used 88262K [0x00000000a0000000, 0x0000000100000000)
  region size 1024K, 3 young (3072K), 3 survivors (3072K)
 Metaspace       used 79326K, capacity 81727K, committed 82012K, reserved 1120256K
  class space    used 10287K, capacity 11142K, committed 11264K, reserved 1048576K
}

